app/build/intermediates/manifest_merge_blame_file/debug/manifest-merger-blame-debug-report.txt
1<?xml version="1.0" encoding="utf-8"?>
2<manifest xmlns:android="http://schemas.android.com/apk/res/android"
3    package="com.test.movies"
4    android:versionCode="1"
5    android:versionName="1.0" >
6
7    <uses-sdk
8        android:minSdkVersion="19"
8-->src\main\AndroidManifest.xml
9        android:targetSdkVersion="29" />
9-->src\main\AndroidManifest.xml
10
11    <uses-permission android:name="android.permission.INTERNET" />
11-->src\main\AndroidManifest.xml:5:5-67
11-->src\main\AndroidManifest.xml:5:22-64
12    <uses-permission android:name="android.permission.USE_BIOMETRIC" />
12-->src\main\AndroidManifest.xml:6:5-72
12-->src\main\AndroidManifest.xml:6:22-69
13    <uses-permission android:name="android.permission.USE_FINGERPRINT" />
13-->src\main\AndroidManifest.xml:7:5-74
13-->src\main\AndroidManifest.xml:7:22-71
14
15    <application
15-->src\main\AndroidManifest.xml:9:5-26:19
16        android:allowBackup="true"
16-->src\main\AndroidManifest.xml:10:9-35
17        android:appComponentFactory="androidx.core.app.CoreComponentFactory"
17-->[androidx.core:core:1.1.0] AndroidManifest.xml:24:18-86
18        android:debuggable="true"
19        android:icon="@mipmap/ic_launcher"
19-->src\main\AndroidManifest.xml:11:9-43
20        android:label="@string/app_name"
20-->src\main\AndroidManifest.xml:12:9-41
21        android:roundIcon="@mipmap/ic_launcher_round"
21-->src\main\AndroidManifest.xml:13:9-54
22        android:supportsRtl="true"
22-->src\main\AndroidManifest.xml:14:9-35
23        android:testOnly="true"
24        android:theme="@style/AppTheme" >
24-->src\main\AndroidManifest.xml:15:9-40
25        <activity android:name="com.test.movies.uicomponents.ui.login.biometric.BiometricLoginActivity" >
25-->src\main\AndroidManifest.xml:16:9-22:20
25-->src\main\AndroidManifest.xml:16:19-104
26            <intent-filter>
26-->src\main\AndroidManifest.xml:17:13-21:29
27                <action android:name="android.intent.action.MAIN" />
27-->src\main\AndroidManifest.xml:18:17-69
27-->src\main\AndroidManifest.xml:18:25-66
28
29                <category android:name="android.intent.category.LAUNCHER" />
29-->src\main\AndroidManifest.xml:20:17-77
29-->src\main\AndroidManifest.xml:20:27-74
30            </intent-filter>
31        </activity>
32        <activity android:name="com.test.movies.BaseActivity" />
32-->src\main\AndroidManifest.xml:23:9-65
32-->src\main\AndroidManifest.xml:23:19-62
33        <activity android:name="com.test.movies.uicomponents.MovieListActivity" />
33-->src\main\AndroidManifest.xml:25:9-83
33-->src\main\AndroidManifest.xml:25:19-80
34
35        <provider
35-->[androidx.lifecycle:lifecycle-process:2.2.0] AndroidManifest.xml:25:9-29:43
36            android:name="androidx.lifecycle.ProcessLifecycleOwnerInitializer"
36-->[androidx.lifecycle:lifecycle-process:2.2.0] AndroidManifest.xml:26:13-79
37            android:authorities="com.test.movies.lifecycle-process"
37-->[androidx.lifecycle:lifecycle-process:2.2.0] AndroidManifest.xml:27:13-69
38            android:exported="false"
38-->[androidx.lifecycle:lifecycle-process:2.2.0] AndroidManifest.xml:28:13-37
39            android:multiprocess="true" />
39-->[androidx.lifecycle:lifecycle-process:2.2.0] AndroidManifest.xml:29:13-40
40    </application>
41
42</manifest>